#! /usr/bin/vvp
:ivl_version "0.9.3 " "(v0_9_3)";
:vpi_time_precision - 12;
:vpi_module "system";
:vpi_module "v2005_math";
:vpi_module "va_math";
S_0x1ad9a10 .scope module, "Register" "Register" 2 23;
 .timescale -9 -12;
v0x1ad9b30_0 .net "A", 3 0, C4<zzzz>; 0 drivers
v0x1b0bd70_0 .net "B", 3 0, C4<zzzz>; 0 drivers
v0x1b0be10_0 .net "C", 3 0, C4<zzzz>; 0 drivers
v0x1b0beb0 .array "R", 0 15, 15 0;
v0x1b0bf60_0 .net "clk", 0 0, C4<z>; 0 drivers
v0x1b0bfe0_0 .net "inputReg", 15 0, C4<zzzzzzzzzzzzzzzz>; 0 drivers
v0x1b0c0c0_0 .var "outputReg1", 15 0;
v0x1b0c160_0 .var "outputReg2", 15 0;
v0x1b0c250_0 .net "write", 0 0, C4<z>; 0 drivers
E_0x1ad9b00 .event posedge, v0x1b0bf60_0;
    .scope S_0x1ad9a10;
T_0 ;
    %wait E_0x1ad9b00;
    %ix/getv 3, v0x1ad9b30_0;
    %load/av 8, v0x1b0beb0, 16;
    %set/v v0x1b0c0c0_0, 8, 16;
    %ix/getv 3, v0x1b0bd70_0;
    %load/av 8, v0x1b0beb0, 16;
    %set/v v0x1b0c160_0, 8, 16;
    %load/v 8, v0x1b0c250_0, 1;
    %jmp/0xz  T_0.0, 8;
    %load/v 8, v0x1b0bfe0_0, 16;
    %ix/getv 3, v0x1b0be10_0;
   %jmp/1 t_0, 4;
   %ix/load 1, 0, 0;
   %set/av v0x1b0beb0, 8, 16;
t_0 ;
T_0.0 ;
    %jmp T_0;
    .thread T_0;
# The file index is used to find the file name in the following table.
:file_names 3;
    "N/A";
    "<interactive>";
    "Register.v";
